81919535.563030
81919535.563030
120420289.929818
176380994.424518
-1
-1
140280601.575734
85855106.974894
14330457.105018
-1
-1
148753419.857985
63193643.258644
-1
131273070.484376
21190107.648439
88981375.919073
95526267.581798
200035311.471237
22336165.690330
135234100.772454
74753952.503716
37240237.346970
5175357.305385
116322132.657562
77197341.330790
52114055.177361
190561527.333695
-1
29004421.361563
3738066.406970
57832085.289338
65729353.206166
57832085.289338
-1
11784034.588283
32289213.586582
40774055.650966
22815429.449040
91734200.678212
17083281.864157
54675322.819084
42428768.900250
-1
77830415.770548
11784034.588283
-1
-1
33979896.852750
44963564.237184
14699216.482330
-1
39386750.742708
110458590.075719
-1
-1
107472659.304989
100640941.164258
57832085.289338
95472267.085182
53256947.246167
70196159.406368
117667465.170679
156137884.088296
66698603.654023
80647514.738378
83679744.180647
140280601.575734
41472912.657884
55496942.924038
74124337.732759
61925476.846433
98717036.464755
17472192.794930
-1
2752824.759139
54675322.819084
145440611.567494
0.000000
89059157.382949
135032413.868313
27511522.995715
88172449.867937
29004421.361563
91896557.813120
95472267.085182
107691361.863269
86279287.818048
51819850.810603
11784034.588283
30864568.538650
58549735.400128
89059157.382949
-1
127176426.454032
165102469.677119
75828132.775834
-1
82804022.367950
176380994.424518
-1
150403253.194789
68104805.885620
79950166.089929
11784034.588283
68104805.885620
105873794.086175
107994374.731666
70196159.406368
173152951.774613
71038403.405820
91811982.142088
-1
110172265.743122
77894689.979239
94179645.054256
-1
88981375.919073
-1
135176482.809197
138960461.042315
123456370.613298
130454288.576957
101052517.015563
-1
28518000.780750
29004421.361563
21190107.648439
44497718.604625
94179645.054256
61134770.767509
188327386.147709
53256947.246167
-1
81919535.563030
107994374.731666
103272180.499426
-1
84359687.238099
61925476.846433
14699216.482330
166055414.618487
100996739.400983
-1
91592626.002043
58549735.400128
-1
153156077.953928
61925476.846433
-1
-1
-1
51819850.810603
81244843.669825
70196159.406368
83679744.180647
22815429.449040
74753952.503716
94733774.567729
61134770.767509
0.000000
-1
154979818.058064
-1
-1
105018300.258570
70196159.406368
99533507.021120
63193643.258644
-1
92529632.252878
107994374.731666
89268482.427280
-1
0.000000
-1
100640941.164258
133494219.844303
-1
-1
64737139.612005
-1
106064657.783230
117667465.170679
83597261.310949
94733774.567729
130303699.029102
-1
147629548.439984
66698603.654023
-1
64737139.612005
86279287.818048
-1
120420289.929818
207608066.518129
166055414.618487
68104805.885620
-1
37694182.292460
6490891.166109
92593906.461569
20225017.554069
26039216.008725
123248379.280030
126440493.238436
76786932.191207
117667465.170679
-1
14699216.482330
88981375.919073
94733774.567729
-1
156773386.377874
118696858.528768
43526880.410105
135147998.203911
153156077.953928
137986925.531593
29004421.361563
82682134.568240
43850518.917798
54675322.819084
-1
105018300.258570
92529632.252878
100640941.164258
21190107.648439
166055414.618487
2752824.759139
57522422.142313
55079260.530199
40774055.650966
-1
95472267.085182
11339999.526395
71038403.405820
14699216.482330
77197341.330790
26074839.168636
56939407.707286
43850518.917798
-1
73657535.270690
57832085.289338
6490891.166109
105018300.258570
45965618.345174
121050980.773767
58549735.400128
41472912.657884
42004588.057096
-1
-1
0.000000
119495836.780213
83193323.599834
100640941.164258
53256947.246167
14699216.482330
-1
-1
-1
150403253.194789
-1
-1
58361066.012704
58361066.012704
77197341.330790
2752824.759139
-1
74977677.846927
130741395.085164
153156077.953928
43526880.410105
11339999.526395
-1
58549735.400128
85970631.262509
103680592.401403
129158941.945008
129158941.945008
-1
0.000000
135032413.868313
164721291.937914
48380256.865416
39386750.742708
89268482.427280
56939407.707286
30864568.538650
3738066.406970
47226260.364103
92021307.186419
43850518.917798
100321375.445468
65729353.206166
-1
-1
83597261.310949
116322132.657562
64737139.612005
23963083.961039
-1
77197341.330790
-1
28827663.927775
-1
0.000000
99135121.663670
64737139.612005
57857337.515123
57857337.515123
42428768.900250
83679744.180647
11140019.518446
-1
14699216.482330
147537570.441114
153156077.953928
144491460.082056
129158941.945008
117667465.170679
151647362.023429
-1
2752824.759139
62984318.214313
99833978.670588
-1
55496942.924038
164721291.937914
83237269.660506
83679744.180647
-1
-1
32289213.586582
137986925.531593
74715087.456448
124328414.026153
121980212.867819
91896557.813120
40774055.650966
181609445.292734
142720753.250803
137252077.352176
56703804.539426
-1
28518000.780750
84435905.181340
58549735.400128
136519025.791044
-1
0.000000
109754583.349283
164721291.937914
44963564.237184
57522422.142313
102858784.617329
167746097.884655
130454288.576957
115300473.719990
94733774.567729
68104805.885620
57832085.289338
55496942.924038
136519025.791044
71038403.405820
-1
31782498.346487
119336916.832637
86093952.030111
61134770.767509
65729353.206166
33617393.297789
39386750.742708
103967698.909610
92529632.252878
63193643.258644
42004588.057096
136519025.791044
-1
58361066.012704
58361066.012704
181609445.292734
56939407.707286
-1
-1
137986925.531593
123248379.280030
70196159.406368
27511522.995715
94733774.567729
32289213.586582
99833978.670588
133494219.844303
173628169.665379
-1
-1
52114055.177361
0.000000
43850518.917798
43850518.917798
28827663.927775
134232046.664464
-1
56939407.707286
131273070.484376
57522422.142313
150403253.194789
70196159.406368
-1
166055414.618487
65729353.206166
-1
-1
86279287.818048
-1
22627398.546854
127550874.269963
86279287.818048
91734200.678212
-1
134620838.017008
65729353.206166
77197341.330790
45965618.345174
79950166.089929
61134770.767509
81815519.642958
129158941.945008
64737139.612005
-1
6490891.166109
164721291.937914
-1
130454288.576957
117667465.170679
77197341.330790
58549735.400128
47264946.817075
131021349.139892
62984318.214313
86279287.818048
63193643.258644
101052517.015563
68104805.885620
100640941.164258
51819850.810603
170128145.827872
-1
-1
103822278.865018
28827663.927775
-1
-1
121954754.147025
-1
6490891.166109
43850518.917798
-1
118437232.084938
160067506.801216
83237269.660506
-1
95526267.581798
76786932.191207
72471613.739764
112507408.108422
76786932.191207
-1
104666555.916528
94733774.567729
-1
99533507.021120
6490891.166109
-1
26074839.168636
80647514.738378
200035311.471237
52114055.177361
77894689.979239
-1
181609445.292734
117667465.170679
101224665.733838
154979818.058064
99833978.670588
55496942.924038
55496942.924038
40774055.650966
123248379.280030
166055414.618487
-1
167746097.884655
106453568.714003
138335123.456718
77506777.262855
57832085.289338
0.000000
107994374.731666
41472912.657884
65729353.206166
-1
64737139.612005
92773442.822659
65729353.206166
-1
22815429.449040
137986925.531593
-1
91811982.142088
107994374.731666
137252077.352176
-1
69778477.012529
44497718.604625
103272180.499426
167746097.884655
40774055.650966
26074839.168636
-1
207198579.496579
129158941.945008
99135121.663670
-1
77197341.330790
65461589.911344
141974271.584416
126417254.167655
88981375.919073
0.000000
-1
86350086.070088
151647362.023429
65729353.206166
47264946.817075
56703804.539426
129645362.525821
70857630.644759
22815429.449040
-1
69526868.982019
-1
103967698.909610
61925476.846433
65729353.206166
-1
32171409.277260
71038403.405820
144491460.082056
7928182.064524
-1
135234100.772454
-1
96862210.798834
81919535.563030
-1
33979896.852750
94733774.567729
0.000000
44497718.604625
135032413.868313
79950166.089929
62984318.214313
29004421.361563
113225058.219212
151647362.023429
62647066.885137
106073774.094124
109284174.937018
30864568.538650
71031615.536529
43850518.917798
11140019.518446
-1
2752824.759139
61134770.767509
135176482.809197
-1
99833978.670588
123248379.280030
14699216.482330
-1
29004421.361563
57832085.289338
47226260.364103
150403253.194789
-1
132199779.576898
-1
