-1
15782332.201050
33122888.131004
6767027.532272
31053166.152515
0.000000
40744220.594894
34605224.434313
51624875.065051
25676892.513798
14949928.652249
14716245.120270
-1
31053166.152515
1480168.530120
29009261.193119
15888364.129623
21096171.965875
29009261.193119
-1
34284319.135097
-1
2673236.197728
4153404.727848
34284319.135097
27838196.902041
-1
14949928.652249
33122888.131004
17583406.030386
0.000000
34603056.661124
17841521.860160
17785073.513760
35930885.798787
-1
0.000000
13215127.931895
21513193.160959
25676892.513798
-1
17785073.513760
0.000000
27838196.902041
6767027.532272
9778233.759184
14716245.120270
-1
44857847.532779
-1
25676892.513798
0.000000
35930885.798787
35930885.798787
16103237.500266
4153404.727848
0.000000
27863199.498147
22655391.661895
14716245.120270
32224230.443593
21513193.160959
0.000000
24552101.046032
17156902.362497
17841521.860160
24552101.046032
16103237.500266
-1
34284319.135097
37767228.977927
13236076.590150
-1
-1
-1
17841521.860160
14716245.120270
26666077.892688
21513193.160959
0.000000
15782332.201050
0.000000
17156902.362497
33122888.131004
9981996.782746
14949928.652249
3214969.250474
29009261.193119
15888364.129623
-1
-1
17841521.860160
16103237.500266
0.000000
28280220.693231
0.000000
16103237.500266
29009261.193119
-1
29009261.193119
25676892.513798
0.000000
1480168.530120
25764328.983796
26451204.522045
50387556.635363
27863199.498147
15888364.129623
3214969.250474
21056491.110634
17785073.513760
33218232.054317
33218232.054317
-1
17785073.513760
36287060.447807
34605224.434313
9778233.759184
42697913.331059
18501986.934047
32224230.443593
29009261.193119
14716245.120270
3899588.748137
-1
14716245.120270
9361212.564100
26666077.892688
35930885.798787
21096171.965875
-1
50706294.161390
18501986.934047
17785073.513760
6767027.532272
0.000000
17583406.030386
-1
4153404.727848
25676892.513798
35930885.798787
-1
-1
41780130.014064
19982155.464167
0.000000
40744220.594894
3214969.250474
9361212.564100
26451204.522045
-1
9361212.564100
33122888.131004
-1
26451204.522045
35930885.798787
34605224.434313
27767070.296506
34603056.661124
22549359.733322
29009261.193119
1480168.530120
10562840.392422
35930885.798787
25464450.064366
27838196.902041
0.000000
21513193.160959
6767027.532272
13236076.590150
1480168.530120
6767027.532272
-1
21513193.160959
22549359.733322
0.000000
24552101.046032
16430097.182369
22655391.661895
